<?xml version="1.0" encoding="UTF-8"?>
<!-- Generated by org.testng.reporters.JUnitReportReporter -->
<testsuite hostname="Sonali" failures="0" tests="4" name="testNg.TestNGFirstClass" time="0.010" errors="0" timestamp="2023-12-23T10:23:28 IST" skipped="0">
  <testcase classname="testNg.TestNGFirstClass" name="test2" time="0.006"/>
  <testcase classname="testNg.TestNGFirstClass" name="test4" time="0.002"/>
  <testcase classname="testNg.TestNGFirstClass" name="test3" time="0.001"/>
  <testcase classname="testNg.TestNGFirstClass" name="test5" time="0.001"/>
</testsuite> <!-- testNg.TestNGFirstClass -->
