<?xml version="1.0" encoding="UTF-8"?>
<!-- Generated by org.testng.reporters.JUnitReportReporter -->
<testsuite hostname="Sonali" failures="0" tests="3" name="testNg.BreakfastBooking" time="9.946" errors="0" timestamp="2023-12-23T10:15:20 IST" skipped="2">
  <testcase classname="testNg.BreakfastBooking" name="searching" time="9.946"/>
  <testcase classname="testNg.BreakfastBooking" name="switchTo">
    <skipped/>
  </testcase> <!-- switchTo -->
  <testcase classname="testNg.BreakfastBooking" name="selection">
    <skipped/>
  </testcase> <!-- selection -->
</testsuite> <!-- testNg.BreakfastBooking -->
