<?xml version="1.0" encoding="UTF-8"?>
<!-- Generated by org.testng.reporters.JUnitReportReporter -->
<testsuite hostname="Sonali" failures="0" tests="2" name="testNg.FbLoginByDP" time="13.373" errors="0" timestamp="2023-12-29T10:59:09 IST" skipped="0">
  <testcase classname="testNg.FbLoginByDP" name="Details" time="7.346"/>
  <testcase classname="testNg.FbLoginByDP" name="Details" time="6.027"/>
</testsuite> <!-- testNg.FbLoginByDP -->
