<?xml version="1.0" encoding="UTF-8"?>
<!-- Generated by org.testng.reporters.JUnitReportReporter -->
<testsuite hostname="Sonali" failures="0" tests="1" name="testNg.FbLoginDataProvider" time="1.489" errors="0" timestamp="2023-12-29T09:38:25 IST" skipped="0">
  <testcase classname="testNg.FbLoginDataProvider" name="openSite" time="1.489"/>
</testsuite> <!-- testNg.FbLoginDataProvider -->
